<?xml version="1.0" encoding="UTF-8"?>
<!-- Generated by org.testng.reporters.JUnitXMLReporter -->
<testsuite hostname="01HW552989" ignored="0" name="Default test" tests="4" failures="0" timestamp="26 Apr 2019 10:23:28 GMT" time="68.906" errors="0">
  <testcase name="Google" time="30.213" classname="screendemo.GoogleTest"/>
  <testcase name="Google1" time="0.566" classname="screendemo.GoogleTest"/>
  <testcase name="Google2" time="17.166" classname="screendemo.GoogleTest"/>
  <testcase name="Google3" time="2.047" classname="screendemo.GoogleTest"/>
</testsuite> <!-- Default test -->
