<?xml version="1.0" encoding="UTF-8"?>
<!-- Generated by org.testng.reporters.JUnitXMLReporter -->
<testsuite hostname="01HW552989" ignored="0" name="Default test" tests="4" failures="0" timestamp="24 Apr 2019 09:30:47 GMT" time="102.613" errors="0">
  <testcase name="Google" time="46.081" classname="google.GoogleTest"/>
  <testcase name="Google1" time="0.196" classname="google.GoogleTest"/>
  <testcase name="Google2" time="17.058" classname="google.GoogleTest"/>
  <testcase name="Google3" time="2.035" classname="google.GoogleTest"/>
</testsuite> <!-- Default test -->
