<?xml version="1.0" encoding="UTF-8"?>
<testng-results skipped="0" failed="0" ignored="0" total="1" passed="1">
  <reporter-output>
  </reporter-output>
  <suite name="Default suite" duration-ms="1306" started-at="2019-05-27T07:09:04Z" finished-at="2019-05-27T07:09:06Z">
    <groups>
    </groups>
    <test name="Default test" duration-ms="1306" started-at="2019-05-27T07:09:04Z" finished-at="2019-05-27T07:09:06Z">
      <class name="cnbcTest.CnbcTest">
        <test-method status="PASS" signature="beforeMethod()[pri:0, instance:cnbcTest.CnbcTest@fe18270]" name="beforeMethod" is-config="true" duration-ms="429" started-at="2019-05-27T07:09:04Z" finished-at="2019-05-27T07:09:05Z">
          <reporter-output>
          </reporter-output>
        </test-method> <!-- beforeMethod -->
        <test-method status="PASS" signature="before(java.lang.reflect.Method)[pri:0, instance:cnbcTest.CnbcTest@fe18270]" name="before" is-config="true" duration-ms="4" started-at="2019-05-27T07:09:05Z" finished-at="2019-05-27T07:09:05Z">
          <params>
            <param index="0">
              <value>
                <![CDATA[public void cnbcTest.CnbcTest.VideoVerification() throws java.lang.Exception]]>
              </value>
            </param>
          </params>
          <reporter-output>
          </reporter-output>
        </test-method> <!-- before -->
        <test-method status="PASS" signature="VideoVerification()[pri:0, instance:cnbcTest.CnbcTest@fe18270]" name="VideoVerification" duration-ms="341" started-at="2019-05-27T07:09:05Z" finished-at="2019-05-27T07:09:05Z">
          <reporter-output>
          </reporter-output>
        </test-method> <!-- VideoVerification -->
        <test-method status="PASS" signature="afterMethod()[pri:0, instance:cnbcTest.CnbcTest@fe18270]" name="afterMethod" is-config="true" duration-ms="8" started-at="2019-05-27T07:09:05Z" finished-at="2019-05-27T07:09:05Z">
          <reporter-output>
          </reporter-output>
        </test-method> <!-- afterMethod -->
        <test-method status="PASS" signature="afterTest()[pri:0, instance:cnbcTest.CnbcTest@fe18270]" name="afterTest" is-config="true" duration-ms="444" started-at="2019-05-27T07:09:05Z" finished-at="2019-05-27T07:09:06Z">
          <reporter-output>
          </reporter-output>
        </test-method> <!-- afterTest -->
      </class> <!-- cnbcTest.CnbcTest -->
    </test> <!-- Default test -->
  </suite> <!-- Default suite -->
</testng-results>
