<?xml version="1.0" encoding="UTF-8"?>
<testng-results ignored="0" total="0" passed="0" failed="0" skipped="0">
  <reporter-output>
  </reporter-output>
  <suite started-at="2021-03-08T15:34:30Z" name="Gmailtest.emailSent.TestRunner" finished-at="2021-03-08T15:34:30Z" duration-ms="11">
    <groups>
    </groups>
    <test started-at="2021-03-08T15:34:30Z" name="Command line test" finished-at="2021-03-08T15:34:30Z" duration-ms="11">
    </test> <!-- Command line test -->
  </suite> <!-- Gmailtest.emailSent.TestRunner -->
</testng-results>
