<?xml version="1.0" encoding="UTF-8"?>
<!-- Generated by org.testng.reporters.JUnitXMLReporter -->
<testsuite hostname="01HW552989" ignored="0" name="Test" tests="9" failures="1" timestamp="16 Apr 2019 06:14:10 GMT" time="124.756" errors="0">
  <testcase name="Google" time="0.016" classname="combo.ComboTest">
    <failure type="java.lang.NullPointerException">
      <![CDATA[java.lang.NullPointerException
at combo.ComboTest.Google(ComboTest.java:59)
... Removed 25 stack frames]]>
    </failure>
  </testcase> <!-- Google -->
  <testcase name="Google" time="11.963" classname="combo.ComboTest"/>
  <testcase name="Google" time="6.941" classname="combo.ComboTest"/>
  <testcase name="Google" time="6.911" classname="combo.ComboTest"/>
  <testcase name="Google" time="6.753" classname="combo.ComboTest"/>
  <testcase name="Google" time="6.95" classname="combo.ComboTest"/>
  <testcase name="Google" time="6.778" classname="combo.ComboTest"/>
  <testcase name="Google" time="6.811" classname="combo.ComboTest"/>
  <testcase name="Google" time="6.895" classname="combo.ComboTest"/>
</testsuite> <!-- Test -->
