<?xml version="1.0" encoding="UTF-8"?>
<testng-results ignored="0" total="1" passed="1" failed="0" skipped="0">
  <reporter-output>
  </reporter-output>
  <suite started-at="2021-02-26T02:49:20Z" name="Default suite" finished-at="2021-02-26T02:50:23Z" duration-ms="63220">
    <groups>
    </groups>
    <test started-at="2021-02-26T02:49:20Z" name="Default test" finished-at="2021-02-26T02:50:23Z" duration-ms="63220">
      <class name="appiumTest.ChromeAmazon">
        <test-method is-config="true" signature="setUp()[pri:0, instance:appiumTest.ChromeAmazon@47542153]" started-at="2021-02-26T02:49:20Z" name="setUp" finished-at="2021-02-26T02:49:20Z" duration-ms="23" status="PASS">
          <reporter-output>
          </reporter-output>
        </test-method> <!-- setUp -->
        <test-method signature="testCal()[pri:0, instance:appiumTest.ChromeAmazon@47542153]" started-at="2021-02-26T02:49:20Z" name="testCal" finished-at="2021-02-26T02:50:23Z" duration-ms="62961" status="PASS">
          <reporter-output>
          </reporter-output>
        </test-method> <!-- testCal -->
        <test-method is-config="true" signature="close()[pri:0, instance:appiumTest.ChromeAmazon@47542153]" started-at="2021-02-26T02:50:23Z" name="close" finished-at="2021-02-26T02:50:23Z" duration-ms="0" status="PASS">
          <reporter-output>
          </reporter-output>
        </test-method> <!-- close -->
      </class> <!-- appiumTest.ChromeAmazon -->
    </test> <!-- Default test -->
  </suite> <!-- Default suite -->
</testng-results>
