<?xml version="1.0" encoding="UTF-8"?>
<testng-results skipped="0" failed="0" ignored="0" total="1" passed="1">
  <reporter-output>
  </reporter-output>
  <suite name="Default suite" duration-ms="380074" started-at="2019-05-02T09:55:19Z" finished-at="2019-05-02T10:01:39Z">
    <groups>
    </groups>
    <test name="Default test" duration-ms="380074" started-at="2019-05-02T09:55:19Z" finished-at="2019-05-02T10:01:39Z">
      <class name="flipkartTest.FlipTest">
        <test-method status="PASS" signature="beforeMethod()[pri:0, instance:flipkartTest.FlipTest@5965d37]" name="beforeMethod" is-config="true" duration-ms="43962" started-at="2019-05-02T09:55:19Z" finished-at="2019-05-02T09:56:03Z">
          <reporter-output>
          </reporter-output>
        </test-method> <!-- beforeMethod -->
        <test-method status="PASS" signature="before(java.lang.reflect.Method)[pri:0, instance:flipkartTest.FlipTest@5965d37]" name="before" is-config="true" duration-ms="0" started-at="2019-05-02T09:56:05Z" finished-at="2019-05-02T09:56:05Z">
          <params>
            <param index="0">
              <value>
                <![CDATA[public void flipkartTest.FlipTest.LogIn(java.lang.String,java.lang.String,java.lang.String,java.lang.String,java.lang.String,java.lang.String) throws java.lang.Exception]]>
              </value>
            </param>
          </params>
          <reporter-output>
          </reporter-output>
        </test-method> <!-- before -->
        <test-method status="PASS" signature="LogIn(java.lang.String, java.lang.String, java.lang.String, java.lang.String, java.lang.String, java.lang.String)[pri:0, instance:flipkartTest.FlipTest@5965d37]" name="LogIn" duration-ms="332814" started-at="2019-05-02T09:56:05Z" data-provider="Authentication" finished-at="2019-05-02T10:01:38Z">
          <params>
            <param index="0">
              <value>
                <![CDATA[SampleFactory]]>
              </value>
            </param>
            <param index="1">
              <value>
                <![CDATA[8475864264]]>
              </value>
            </param>
            <param index="2">
              <value>
                <![CDATA[@May2019]]>
              </value>
            </param>
            <param index="3">
              <value>
                <![CDATA[iPhone 6S plus]]>
              </value>
            </param>
            <param index="4">
              <value>
                <![CDATA[547845]]>
              </value>
            </param>
            <param index="5">
              <value>
                <![CDATA[sdfsdf323]]>
              </value>
            </param>
          </params>
          <reporter-output>
          </reporter-output>
        </test-method> <!-- LogIn -->
        <test-method status="PASS" signature="afterMethod()[pri:0, instance:flipkartTest.FlipTest@5965d37]" name="afterMethod" is-config="true" duration-ms="0" started-at="2019-05-02T10:01:38Z" finished-at="2019-05-02T10:01:38Z">
          <reporter-output>
          </reporter-output>
        </test-method> <!-- afterMethod -->
        <test-method status="PASS" signature="afterTest()[pri:0, instance:flipkartTest.FlipTest@5965d37]" name="afterTest" is-config="true" duration-ms="610" started-at="2019-05-02T10:01:38Z" finished-at="2019-05-02T10:01:39Z">
          <reporter-output>
          </reporter-output>
        </test-method> <!-- afterTest -->
      </class> <!-- flipkartTest.FlipTest -->
    </test> <!-- Default test -->
  </suite> <!-- Default suite -->
</testng-results>
