<?xml version="1.0" encoding="UTF-8"?>
<!-- Generated by org.testng.reporters.JUnitXMLReporter -->
<testsuite hostname="01HW552989" ignored="0" name="Test" tests="4" failures="0" timestamp="24 Apr 2019 10:10:50 GMT" time="142.336" errors="0">
  <testcase name="Google" time="79.748" classname="google.GoogleTest"/>
  <testcase name="Google1" time="7.224" classname="google.GoogleTest"/>
  <testcase name="Google2" time="17.356" classname="google.GoogleTest"/>
  <testcase name="Google3" time="2.033" classname="google.GoogleTest"/>
</testsuite> <!-- Test -->
